<?xml version="1.0" encoding="UTF-8"?>
<testng-results ignored="0" total="1" passed="1" failed="0" skipped="0">
  <reporter-output>
  </reporter-output>
  <suite started-at="2022-03-12T12:12:54 PST" name="testRunners.Tests" finished-at="2022-03-12T12:12:54 PST" duration-ms="242">
    <groups>
      <group name="cucumber">
        <method signature="AbstractTestNGCucumberTests.runScenario(io.cucumber.testng.PickleWrapper,io.cucumber.testng.FeatureWrapper)[pri:0, instance:testRunners.Tests@11758f2a]" name="runScenario" class="io.cucumber.testng.AbstractTestNGCucumberTests"/>
      </group> <!-- cucumber -->
    </groups>
    <test started-at="2022-03-12T12:12:54 PST" name="Command line test" finished-at="2022-03-12T12:12:54 PST" duration-ms="242">
      <class name="testRunners.Tests">
        <test-method is-config="true" signature="setUpClass(org.testng.ITestContext)[pri:0, instance:testRunners.Tests@11758f2a]" started-at="2022-03-12T12:12:54 PST" name="setUpClass" finished-at="2022-03-12T12:12:54 PST" duration-ms="158" status="PASS">
          <params>
            <param index="0">
              <value>
                <![CDATA[org.testng.TestRunner@7b4c50bc]]>
              </value>
            </param>
          </params>
          <reporter-output>
          </reporter-output>
        </test-method> <!-- setUpClass -->
        <test-method signature="runScenario(io.cucumber.testng.PickleWrapper,io.cucumber.testng.FeatureWrapper)[pri:0, instance:testRunners.Tests@11758f2a]" started-at="2022-03-12T12:12:54 PST" name="runScenario" description="Runs Cucumber Scenarios" data-provider="scenarios" finished-at="2022-03-12T12:12:54 PST" duration-ms="57" status="PASS">
          <params>
            <param index="0">
              <value>
                <![CDATA["As a registered user I should be able to login and access with my profile and my last configurations"]]>
              </value>
            </param>
            <param index="1">
              <value>
                <![CDATA["Optional[Login page]"]]>
              </value>
            </param>
          </params>
          <reporter-output>
          </reporter-output>
        </test-method> <!-- runScenario -->
        <test-method is-config="true" signature="tearDownClass()[pri:0, instance:testRunners.Tests@11758f2a]" started-at="2022-03-12T12:12:54 PST" name="tearDownClass" finished-at="2022-03-12T12:12:54 PST" duration-ms="7" status="PASS">
          <reporter-output>
          </reporter-output>
        </test-method> <!-- tearDownClass -->
      </class> <!-- testRunners.Tests -->
    </test> <!-- Command line test -->
  </suite> <!-- testRunners.Tests -->
</testng-results>
